<?xml version="1.0" encoding="UTF-8"?>
<!-- Generated by org.testng.reporters.JUnitReportReporter -->
<testsuite hostname="Ajinkyas-MACaroni.local" failures="0" tests="1" name="App_automation.Flow_login.Pages.Login" time="52.024" errors="0" timestamp="2023-09-04T16:24:41 IST" skipped="0">
  <testcase classname="App_automation.Flow_login.Pages.Login" name="login" time="52.024"/>
</testsuite> <!-- App_automation.Flow_login.Pages.Login -->
