<?xml version="1.0" encoding="UTF-8"?>
<!-- Generated by org.testng.reporters.JUnitReportReporter -->
<testsuite hostname="Ajinkyas-MACaroni.local" failures="0" tests="1" name="App_automation.Flow_login.Pages.First_test" time="22.699" errors="0" timestamp="2023-08-25T12:58:46 IST" skipped="0">
  <testcase classname="App_automation.Flow_login.Pages.First_test" name="login" time="22.699"/>
</testsuite> <!-- App_automation.Flow_login.Pages.First_test -->
