<?xml version="1.0" encoding="UTF-8"?>
<!-- Generated by org.testng.reporters.JUnitReportReporter -->
<testsuite hostname="Ajinkyas-MACaroni.local" failures="0" tests="1" name="App_automation.Flow_login.Pages.First_test" time="36.424" errors="0" timestamp="2023-09-01T17:06:31 IST" skipped="0">
  <testcase classname="App_automation.Flow_login.Pages.First_test" name="login" time="36.424"/>
</testsuite> <!-- App_automation.Flow_login.Pages.First_test -->
