<?xml version="1.0" encoding="UTF-8"?>
<!-- Generated by org.testng.reporters.JUnitReportReporter -->
<testsuite hostname="Ajinkyas-MACaroni.local" failures="0" tests="1" name="App_automation.Flow_login.Pages.First_test" time="41.119" errors="0" timestamp="2023-09-04T11:46:14 IST" skipped="0">
  <testcase classname="App_automation.Flow_login.Pages.First_test" name="login" time="41.119"/>
</testsuite> <!-- App_automation.Flow_login.Pages.First_test -->
