<?xml version="1.0" encoding="UTF-8"?>
<!-- Generated by org.testng.reporters.JUnitReportReporter -->
<testsuite hostname="Ajinkyas-MACaroni.local" failures="0" tests="1" name="App_automation.Flow_login.Pages.Login" time="83.622" errors="0" timestamp="2023-09-15T16:57:25 IST" skipped="0">
  <testcase classname="App_automation.Flow_login.Pages.Login" name="login" time="83.622"/>
</testsuite> <!-- App_automation.Flow_login.Pages.Login -->
